#
# A fatal error has been detected by the Java Runtime Environment:
#
#  EXCEPTION_ACCESS_VIOLATION (0xc0000005) at pc=0x000007fefd330658, pid=6976, tid=7204
#
# JRE version: Java(TM) SE Runtime Environment (9.0+11) (build 9.0.4+11)
# Java VM: Java HotSpot(TM) 64-Bit Server VM (9.0.4+11, mixed mode, tiered, compressed oops, g1 gc, windows-amd64)
# Problematic frame:
# C  [ole32.dll+0x30658]
#
# No core dump will be written. Minidumps are not enabled by default on client versions of Windows
#
# If you would like to submit a bug report, please visit:
#   http://bugreport.java.com/bugreport/crash.jsp
# The crash happened outside the Java Virtual Machine in native code.
# See problematic frame for where to report the bug.
#

---------------  S U M M A R Y ------------

Command Line: -Dfile.encoding=Cp1252 presentation.userInterface.viewsHandler.loginViewHandler

Host: Intel(R) Core(TM) i5-4590S CPU @ 3.00GHz, 4 cores, 7G,  Windows 7 , 64 bit Build 7601 (6.1.7601.23915)
Time: Fri Mar 16 16:55:51 2018 Paris, Madrid elapsed time: 3 seconds (0d 0h 0m 3s)

---------------  T H R E A D  ---------------

Current thread (0x0000000026277800):  JavaThread "JavaFX Application Thread" [_thread_in_native, id=7204, stack(0x00000000270f0000,0x00000000271f0000)]

Stack: [0x00000000270f0000,0x00000000271f0000],  sp=0x00000000271e9280,  free space=996k
Native frames: (J=compiled Java code, j=interpreted, Vv=VM code, C=native code)
C  [ole32.dll+0x30658]
C  [ole32.dll+0x4c600]
C  [ole32.dll+0xd18a]
C  [ole32.dll+0xd210]
C  [ole32.dll+0x2468f]
C  [SHELL32.dll+0x85075]
C  [SHELL32.dll+0x6a770]
C  [SHELL32.dll+0x4dca5]
C  [SHELL32.dll+0x25bcc]
C  [SHELL32.dll+0x25a70]
C  [SHELL32.dll+0x259c0]
C  [SHELL32.dll+0x4248f]
C  [SHELL32.dll+0x27f48]
C  [SHELL32.dll+0x1b1f9b]
C  [SHELL32.dll+0x6b525]
C  [SHELL32.dll+0xa2d1e]
C  [ole32.dll+0x11673]
C  [ole32.dll+0x10c1a]
C  [ole32.dll+0x10a70]
C  [ole32.dll+0x109c2]
C  [ole32.dll+0x31313]
C  [ole32.dll+0x31297]
C  [ole32.dll+0x11457]
C  [ole32.dll+0x10c1a]
C  [ole32.dll+0x10b83]
C  [ole32.dll+0x10c1a]
C  [ole32.dll+0x11301]
C  [ole32.dll+0xd18a]
C  [ole32.dll+0xd210]
C  [ole32.dll+0x2468f]
C  [glass.dll+0x15233]
C  [glass.dll+0x21ef0]
C  [glass.dll+0x1ada3]
C  [glass.dll+0x1d271]
C  [glass.dll+0x1ae4e]
C  [glass.dll+0xa52c]
C  [glass.dll+0x1848]
C  [USER32.dll+0x19bbd]
C  [USER32.dll+0x16a5c]
C  [USER32.dll+0x16b61]
C  [glass.dll+0x1d55b]
C  0x000000000c6782f5

Java frames: (J=compiled Java code, j=interpreted, Vv=VM code)
j  com.sun.glass.ui.win.WinWindow._createWindow(JJI)J+0 javafx.graphics@9.0.4
j  com.sun.glass.ui.Window.<init>(Lcom/sun/glass/ui/Window;Lcom/sun/glass/ui/Screen;I)V+439 javafx.graphics@9.0.4
j  com.sun.glass.ui.win.WinWindow.<init>(Lcom/sun/glass/ui/Window;Lcom/sun/glass/ui/Screen;I)V+4 javafx.graphics@9.0.4
j  com.sun.glass.ui.win.WinApplication.createWindow(Lcom/sun/glass/ui/Window;Lcom/sun/glass/ui/Screen;I)Lcom/sun/glass/ui/Window;+7 javafx.graphics@9.0.4
j  com.sun.javafx.tk.quantum.WindowStage.initPlatformWindow()V+250 javafx.graphics@9.0.4
j  com.sun.javafx.tk.quantum.WindowStage.init(Lcom/sun/javafx/tk/quantum/GlassSystemMenu;)Lcom/sun/javafx/tk/quantum/WindowStage;+1 javafx.graphics@9.0.4
j  com.sun.javafx.tk.quantum.QuantumToolkit.createTKStage(Ljavafx/stage/Window;ZLjavafx/stage/StageStyle;ZLjavafx/stage/Modality;Lcom/sun/javafx/tk/TKStage;ZLjava/security/AccessControlContext;)Lcom/sun/javafx/tk/TKStage;+50 javafx.graphics@9.0.4
j  javafx.stage.Stage.doVisibleChanging(Z)V+130 javafx.graphics@9.0.4
j  javafx.stage.Stage.access$100(Ljavafx/stage/Stage;Z)V+2 javafx.graphics@9.0.4
j  javafx.stage.Stage$1.doVisibleChanging(Ljavafx/stage/Window;Z)V+5 javafx.graphics@9.0.4
j  com.sun.javafx.stage.StageHelper.visibleChangingImpl(Ljavafx/stage/Window;Z)V+11 javafx.graphics@9.0.4
j  com.sun.javafx.stage.WindowHelper.visibleChanging(Ljavafx/stage/Window;Z)V+6 javafx.graphics@9.0.4
j  javafx.stage.Window$12.invalidated()V+80 javafx.graphics@9.0.4
j  javafx.beans.property.BooleanPropertyBase.markInvalid()V+13 javafx.base@9.0.4
j  javafx.beans.property.BooleanPropertyBase.set(Z)V+72 javafx.base@9.0.4
j  javafx.stage.Window.setShowing(Z)V+11 javafx.graphics@9.0.4
j  javafx.stage.Window.show()V+2 javafx.graphics@9.0.4
j  javafx.stage.Stage.show()V+1 javafx.graphics@9.0.4
j  presentation.userInterface.viewsHandler.loginViewHandler.showView(Ljava/lang/String;Ljava/lang/String;)V+90
j  presentation.userInterface.viewsHandler.loginViewHandler.start(Ljavafx/stage/Stage;)V+16
j  com.sun.javafx.application.LauncherImpl.lambda$launchApplication1$9(Ljava/util/concurrent/atomic/AtomicBoolean;Ljavafx/application/Application;)V+20 javafx.graphics@9.0.4
j  com.sun.javafx.application.LauncherImpl$$Lambda$87.run()V+8 javafx.graphics@9.0.4
j  com.sun.javafx.application.PlatformImpl.lambda$runAndWait$11(Ljava/lang/Runnable;Ljava/util/concurrent/CountDownLatch;)V+1 javafx.graphics@9.0.4
j  com.sun.javafx.application.PlatformImpl$$Lambda$59.run()V+8 javafx.graphics@9.0.4
j  com.sun.javafx.application.PlatformImpl.lambda$runLater$9(Ljava/lang/Runnable;)Ljava/lang/Void;+1 javafx.graphics@9.0.4
j  com.sun.javafx.application.PlatformImpl$$Lambda$61.run()Ljava/lang/Object;+4 javafx.graphics@9.0.4
v  ~StubRoutines::call_stub
j  java.security.AccessController.doPrivileged(Ljava/security/PrivilegedAction;Ljava/security/AccessControlContext;)Ljava/lang/Object;+0 java.base@9.0.4
j  com.sun.javafx.application.PlatformImpl.lambda$runLater$10(Ljava/lang/Runnable;Ljava/security/AccessControlContext;)V+7 javafx.graphics@9.0.4
j  com.sun.javafx.application.PlatformImpl$$Lambda$60.run()V+8 javafx.graphics@9.0.4
j  com.sun.glass.ui.InvokeLaterDispatcher$Future.run()V+4 javafx.graphics@9.0.4
v  ~StubRoutines::call_stub
j  com.sun.glass.ui.win.WinApplication._runLoop(Ljava/lang/Runnable;)V+0 javafx.graphics@9.0.4
j  com.sun.glass.ui.win.WinApplication.lambda$runLoop$3(ILjava/lang/Runnable;)V+8 javafx.graphics@9.0.4
j  com.sun.glass.ui.win.WinApplication$$Lambda$49.run()V+12 javafx.graphics@9.0.4
j  java.lang.Thread.run()V+11 java.base@9.0.4
v  ~StubRoutines::call_stub

siginfo: EXCEPTION_ACCESS_VIOLATION (0xc0000005), reading address 0xffffffffffffffff


Register to memory mapping:

RIP=0x000007fefd330658 ole32.dll
RAX=0x00000000271e92d8 is pointing into the stack for thread: 0x0000000026277800
RBX=0x00000000271e9f70 is pointing into the stack for thread: 0x0000000026277800
RCX=0x00000000266c2e20 is an unknown value
RDX=0x000007fefe6b5c48 SHELL32.dll
RSP=0x00000000271e9280 is pointing into the stack for thread: 0x0000000026277800
RBP=0x00000000271e97c8 is pointing into the stack for thread: 0x0000000026277800
RSI=0x0000000000000000 is an unknown value
RDI=0x00000000271e97b0 is pointing into the stack for thread: 0x0000000026277800
R8 =0x00000000271e9f68 is pointing into the stack for thread: 0x0000000026277800
R9 =0x000007fee7c5ffff DBROverlayIconNotBackuped.dll
R10=0x00000000271e9f60 is pointing into the stack for thread: 0x0000000026277800
R11=0x00000001ffff0000 is an unknown value
R12=0x0000000000000000 is an unknown value
R13=0x0000000080004002 is an unknown value
R14=0x0000000000000000 is an unknown value
R15=0x0000000000000000 is an unknown value


Registers:
RAX=0x00000000271e92d8, RBX=0x00000000271e9f70, RCX=0x00000000266c2e20, RDX=0x000007fefe6b5c48
RSP=0x00000000271e9280, RBP=0x00000000271e97c8, RSI=0x0000000000000000, RDI=0x00000000271e97b0
R8 =0x00000000271e9f68, R9 =0x000007fee7c5ffff, R10=0x00000000271e9f60, R11=0x00000001ffff0000
R12=0x0000000000000000, R13=0x0000000080004002, R14=0x0000000000000000, R15=0x0000000000000000
RIP=0x000007fefd330658, EFLAGS=0x0000000000010246

Top of Stack: (sp=0x00000000271e9280)
0x00000000271e9280:   0000000000000000 0000000080004005
0x00000000271e9290:   000007fefd483290 00000000271e9320
0x00000000271e92a0:   0000000000000000 0000000000000000
0x00000000271e92b0:   0000000000000401 0000000000000000
0x00000000271e92c0:   0000000000000000 0000000000000000
0x00000000271e92d0:   00000000271e9c10 000007fefd34c600
0x00000000271e92e0:   00000000271e9330 0000000000000001
0x00000000271e92f0:   0000000000000000 00000000271e9f60
0x00000000271e9300:   0052005c00000001 00000000271e9d58
0x00000000271e9310:   005c005900000000 0000000000000000
0x00000000271e9320:   00000000266ca100 00540046004f0053
0x00000000271e9330:   000007fefd4abe80 000007fefd4abf08
0x00000000271e9340:   000007fefd4abf28 0000033800000001
0x00000000271e9350:   000000c000000000 0000000046000000
0x00000000271e9360:   0000000100000000 0000000000000000
0x00000000271e9370:   0000000400000000 0000000000000000 

Instructions: (pc=0x000007fefd330658)
0x000007fefd330638:   bf 4c 01 00 00 00 0f 85 a6 1f 03 00 48 8b 4d 38
0x000007fefd330648:   48 8d 14 76 4c 8b 09 4d 8d 44 d2 08 48 8b 53 f0
0x000007fefd330658:   41 ff 11 89 03 eb 00 4c 8b 54 24 78 8b 54 24 68
0x000007fefd330668:   45 85 ed 74 03 44 8b 2b ff c6 49 83 c7 04 49 83 



---------------  P R O C E S S  ---------------

Java Threads: ( => current thread )
  0x00000000263e4800 JavaThread "Java2D Disposer" daemon [_thread_blocked, id=3924, stack(0x0000000028fe0000,0x00000000290e0000)]
  0x0000000026373800 JavaThread "Thread-2" daemon [_thread_in_native, id=7824, stack(0x0000000028ab0000,0x0000000028bb0000)]
  0x0000000025e78000 JavaThread "JavaFX-Launcher" [_thread_blocked, id=6424, stack(0x0000000028de0000,0x0000000028ee0000)]
=>0x0000000026277800 JavaThread "JavaFX Application Thread" [_thread_in_native, id=7204, stack(0x00000000270f0000,0x00000000271f0000)]
  0x0000000026270800 JavaThread "InvokeLaterDispatcher" daemon [_thread_blocked, id=7308, stack(0x0000000026ed0000,0x0000000026fd0000)]
  0x000000002622c800 JavaThread "QuantumRenderer-0" daemon [_thread_blocked, id=7364, stack(0x0000000026a50000,0x0000000026b50000)]
  0x0000000025dd7800 JavaThread "Service Thread" daemon [_thread_blocked, id=8176, stack(0x00000000260f0000,0x00000000261f0000)]
  0x0000000024aea800 JavaThread "Common-Cleaner" daemon [_thread_blocked, id=7540, stack(0x0000000025bc0000,0x0000000025cc0000)]
  0x0000000024a5b800 JavaThread "Sweeper thread" daemon [_thread_blocked, id=7396, stack(0x0000000025a20000,0x0000000025b20000)]
  0x0000000024a3a000 JavaThread "C1 CompilerThread2" daemon [_thread_blocked, id=7524, stack(0x0000000025830000,0x0000000025930000)]
  0x0000000024a39000 JavaThread "C2 CompilerThread1" daemon [_thread_blocked, id=7868, stack(0x00000000256a0000,0x00000000257a0000)]
  0x0000000024a31000 JavaThread "C2 CompilerThread0" daemon [_thread_blocked, id=7804, stack(0x0000000025350000,0x0000000025450000)]
  0x0000000024a2e000 JavaThread "Attach Listener" daemon [_thread_blocked, id=3996, stack(0x0000000025470000,0x0000000025570000)]
  0x0000000024a2d000 JavaThread "Signal Dispatcher" daemon [_thread_blocked, id=7456, stack(0x0000000025200000,0x0000000025300000)]
  0x0000000024a27000 JavaThread "Finalizer" daemon [_thread_blocked, id=7684, stack(0x0000000025030000,0x0000000025130000)]
  0x0000000024a1b800 JavaThread "Reference Handler" daemon [_thread_blocked, id=7504, stack(0x0000000024dc0000,0x0000000024ec0000)]
  0x00000000003a9800 JavaThread "main" [_thread_blocked, id=5220, stack(0x0000000001c40000,0x0000000001d40000)]

Other Threads:
  0x0000000024a18800 VMThread "VM Thread" [stack: 0x0000000024be0000,0x0000000024ce0000] [id=7532]
  0x0000000025ddc000 WatcherThread [stack: 0x0000000024f10000,0x0000000025010000] [id=6952]
  0x00000000003bf000 GCTaskThread "GC Thread#0" [stack: 0x000000001b8f0000,0x000000001b9f0000] [id=4024]
  0x00000000003c0800 GCTaskThread "GC Thread#1" [stack: 0x000000001ba60000,0x000000001bb60000] [id=2392]
  0x00000000003c2800 GCTaskThread "GC Thread#2" [stack: 0x000000001bbd0000,0x000000001bcd0000] [id=7696]
  0x00000000003c6000 GCTaskThread "GC Thread#3" [stack: 0x000000001be60000,0x000000001bf60000] [id=980]
  0x0000000000406800 ConcurrentGCThread "G1 Main Marker" [stack: 0x0000000021ad0000,0x0000000021bd0000] [id=7864]
  0x0000000000407800 ConcurrentGCThread "G1 Marker#0" [stack: 0x0000000021cd0000,0x0000000021dd0000] [id=1516]
  0x00000000003e1000 ConcurrentGCThread "G1 Refine#0" [stack: 0x000000001c870000,0x000000001c970000] [id=7332]
  0x00000000003e0800 ConcurrentGCThread "G1 Refine#1" [stack: 0x000000001c5b0000,0x000000001c6b0000] [id=7536]
  0x00000000003df800 ConcurrentGCThread "G1 Refine#2" [stack: 0x000000001c2c0000,0x000000001c3c0000] [id=7296]
  0x00000000003da800 ConcurrentGCThread "G1 Refine#3" [stack: 0x000000001c420000,0x000000001c520000] [id=4488]
  0x00000000003e2000 ConcurrentGCThread "G1 Young RemSet Sampling" [stack: 0x000000001c6f0000,0x000000001c7f0000] [id=7500]

Threads with active compile tasks:

VM state:not at safepoint (normal execution)

VM Mutex/Monitor currently owned by a thread: None

Heap address: 0x0000000081800000, size: 2024 MB, Compressed Oops mode: 32-bit
Narrow klass base: 0x0000000000000000, Narrow klass shift: 3
Compressed class space size: 1073741824 Address: 0x000000013f430000

Heap:
 garbage-first heap   total 131072K, used 9403K [0x0000000081800000, 0x0000000081900400, 0x0000000100000000)
  region size 1024K, 8 young (8192K), 2 survivors (2048K)
 Metaspace       used 16899K, capacity 18008K, committed 18304K, reserved 1064960K
  class space    used 2086K, capacity 2341K, committed 2432K, reserved 1048576K
Heap Regions: E=young(eden), S=young(survivor), O=old, HS=humongous(starts), HC=humongous(continues), CS=collection set, F=free, A=archive, TS=gc time stamp, AC=allocation context, TAMS=top-at-mark-start (previous, next)
|   0|0x0000000081800000, 0x0000000081900000, 0x0000000081900000|100%| O|  |TS  1|AC  0|TAMS 0x0000000081800000, 0x0000000081800000|
|   1|0x0000000081900000, 0x0000000081a00000, 0x0000000081a00000|100%| O|  |TS  1|AC  0|TAMS 0x0000000081900000, 0x0000000081900000|
|   2|0x0000000081a00000, 0x0000000081a2ee00, 0x0000000081b00000| 18%| O|  |TS  1|AC  0|TAMS 0x0000000081a00000, 0x0000000081a00000|
|   3|0x0000000081b00000, 0x0000000081b00000, 0x0000000081c00000|  0%| F|  |TS  0|AC  0|TAMS 0x0000000081b00000, 0x0000000081b00000|
|   4|0x0000000081c00000, 0x0000000081c00000, 0x0000000081d00000|  0%| F|  |TS  0|AC  0|TAMS 0x0000000081c00000, 0x0000000081c00000|
|   5|0x0000000081d00000, 0x0000000081d00000, 0x0000000081e00000|  0%| F|  |TS  0|AC  0|TAMS 0x0000000081d00000, 0x0000000081d00000|
|   6|0x0000000081e00000, 0x0000000081e00000, 0x0000000081f00000|  0%| F|  |TS  0|AC  0|TAMS 0x0000000081e00000, 0x0000000081e00000|
|   7|0x0000000081f00000, 0x0000000081f00000, 0x0000000082000000|  0%| F|  |TS  0|AC  0|TAMS 0x0000000081f00000, 0x0000000081f00000|
|   8|0x0000000082000000, 0x0000000082000000, 0x0000000082100000|  0%| F|  |TS  0|AC  0|TAMS 0x0000000082000000, 0x0000000082000000|
|   9|0x0000000082100000, 0x0000000082100000, 0x0000000082200000|  0%| F|  |TS  0|AC  0|TAMS 0x0000000082100000, 0x0000000082100000|
|  10|0x0000000082200000, 0x0000000082200000, 0x0000000082300000|  0%| F|  |TS  0|AC  0|TAMS 0x0000000082200000, 0x0000000082200000|
|  11|0x0000000082300000, 0x0000000082300000, 0x0000000082400000|  0%| F|  |TS  0|AC  0|TAMS 0x0000000082300000, 0x0000000082300000|
|  12|0x0000000082400000, 0x0000000082400000, 0x0000000082500000|  0%| F|  |TS  0|AC  0|TAMS 0x0000000082400000, 0x0000000082400000|
|  13|0x0000000082500000, 0x0000000082500000, 0x0000000082600000|  0%| F|  |TS  0|AC  0|TAMS 0x0000000082500000, 0x0000000082500000|
|  14|0x0000000082600000, 0x0000000082600000, 0x0000000082700000|  0%| F|  |TS  0|AC  0|TAMS 0x0000000082600000, 0x0000000082600000|
|  15|0x0000000082700000, 0x0000000082700000, 0x0000000082800000|  0%| F|  |TS  0|AC  0|TAMS 0x0000000082700000, 0x0000000082700000|
|  16|0x0000000082800000, 0x0000000082800000, 0x0000000082900000|  0%| F|  |TS  0|AC  0|TAMS 0x0000000082800000, 0x0000000082800000|
|  17|0x0000000082900000, 0x0000000082900000, 0x0000000082a00000|  0%| F|  |TS  0|AC  0|TAMS 0x0000000082900000, 0x0000000082900000|
|  18|0x0000000082a00000, 0x0000000082a00000, 0x0000000082b00000|  0%| F|  |TS  0|AC  0|TAMS 0x0000000082a00000, 0x0000000082a00000|
|  19|0x0000000082b00000, 0x0000000082b00000, 0x0000000082c00000|  0%| F|  |TS  0|AC  0|TAMS 0x0000000082b00000, 0x0000000082b00000|
|  20|0x0000000082c00000, 0x0000000082c00000, 0x0000000082d00000|  0%| F|  |TS  0|AC  0|TAMS 0x0000000082c00000, 0x0000000082c00000|
|  21|0x0000000082d00000, 0x0000000082d00000, 0x0000000082e00000|  0%| F|  |TS  0|AC  0|TAMS 0x0000000082d00000, 0x0000000082d00000|
|  22|0x0000000082e00000, 0x0000000082e00000, 0x0000000082f00000|  0%| F|  |TS  0|AC  0|TAMS 0x0000000082e00000, 0x0000000082e00000|
|  23|0x0000000082f00000, 0x0000000082f00000, 0x0000000083000000|  0%| F|  |TS  0|AC  0|TAMS 0x0000000082f00000, 0x0000000082f00000|
|  24|0x0000000083000000, 0x0000000083000000, 0x0000000083100000|  0%| F|  |TS  0|AC  0|TAMS 0x0000000083000000, 0x0000000083000000|
|  25|0x0000000083100000, 0x0000000083100000, 0x0000000083200000|  0%| F|  |TS  0|AC  0|TAMS 0x0000000083100000, 0x0000000083100000|
|  26|0x0000000083200000, 0x0000000083200000, 0x0000000083300000|  0%| F|  |TS  0|AC  0|TAMS 0x0000000083200000, 0x0000000083200000|
|  27|0x0000000083300000, 0x0000000083300000, 0x0000000083400000|  0%| F|  |TS  0|AC  0|TAMS 0x0000000083300000, 0x0000000083300000|
|  28|0x0000000083400000, 0x0000000083400000, 0x0000000083500000|  0%| F|  |TS  0|AC  0|TAMS 0x0000000083400000, 0x0000000083400000|
|  29|0x0000000083500000, 0x0000000083500000, 0x0000000083600000|  0%| F|  |TS  0|AC  0|TAMS 0x0000000083500000, 0x0000000083500000|
|  30|0x0000000083600000, 0x0000000083600000, 0x0000000083700000|  0%| F|  |TS  0|AC  0|TAMS 0x0000000083600000, 0x0000000083600000|
|  31|0x0000000083700000, 0x0000000083700000, 0x0000000083800000|  0%| F|  |TS  0|AC  0|TAMS 0x0000000083700000, 0x0000000083700000|
|  32|0x0000000083800000, 0x0000000083800000, 0x0000000083900000|  0%| F|  |TS  0|AC  0|TAMS 0x0000000083800000, 0x0000000083800000|
|  33|0x0000000083900000, 0x0000000083900000, 0x0000000083a00000|  0%| F|  |TS  0|AC  0|TAMS 0x0000000083900000, 0x0000000083900000|
|  34|0x0000000083a00000, 0x0000000083a00000, 0x0000000083b00000|  0%| F|  |TS  0|AC  0|TAMS 0x0000000083a00000, 0x0000000083a00000|
|  35|0x0000000083b00000, 0x0000000083b00000, 0x0000000083c00000|  0%| F|  |TS  0|AC  0|TAMS 0x0000000083b00000, 0x0000000083b00000|
|  36|0x0000000083c00000, 0x0000000083c00000, 0x0000000083d00000|  0%| F|  |TS  0|AC  0|TAMS 0x0000000083c00000, 0x0000000083c00000|
|  37|0x0000000083d00000, 0x0000000083d00000, 0x0000000083e00000|  0%| F|  |TS  0|AC  0|TAMS 0x0000000083d00000, 0x0000000083d00000|
|  38|0x0000000083e00000, 0x0000000083e00000, 0x0000000083f00000|  0%| F|  |TS  0|AC  0|TAMS 0x0000000083e00000, 0x0000000083e00000|
|  39|0x0000000083f00000, 0x0000000083f00000, 0x0000000084000000|  0%| F|  |TS  0|AC  0|TAMS 0x0000000083f00000, 0x0000000083f00000|
|  40|0x0000000084000000, 0x0000000084000000, 0x0000000084100000|  0%| F|  |TS  0|AC  0|TAMS 0x0000000084000000, 0x0000000084000000|
|  41|0x0000000084100000, 0x0000000084100000, 0x0000000084200000|  0%| F|  |TS  0|AC  0|TAMS 0x0000000084100000, 0x0000000084100000|
|  42|0x0000000084200000, 0x0000000084200000, 0x0000000084300000|  0%| F|  |TS  0|AC  0|TAMS 0x0000000084200000, 0x0000000084200000|
|  43|0x0000000084300000, 0x0000000084300000, 0x0000000084400000|  0%| F|  |TS  0|AC  0|TAMS 0x0000000084300000, 0x0000000084300000|
|  44|0x0000000084400000, 0x0000000084400000, 0x0000000084500000|  0%| F|  |TS  0|AC  0|TAMS 0x0000000084400000, 0x0000000084400000|
|  45|0x0000000084500000, 0x0000000084500000, 0x0000000084600000|  0%| F|  |TS  0|AC  0|TAMS 0x0000000084500000, 0x0000000084500000|
|  46|0x0000000084600000, 0x0000000084600000, 0x0000000084700000|  0%| F|  |TS  0|AC  0|TAMS 0x0000000084600000, 0x0000000084600000|
|  47|0x0000000084700000, 0x0000000084700000, 0x0000000084800000|  0%| F|  |TS  0|AC  0|TAMS 0x0000000084700000, 0x0000000084700000|
|  48|0x0000000084800000, 0x0000000084800000, 0x0000000084900000|  0%| F|  |TS  0|AC  0|TAMS 0x0000000084800000, 0x0000000084800000|
|  49|0x0000000084900000, 0x0000000084900000, 0x0000000084a00000|  0%| F|  |TS  0|AC  0|TAMS 0x0000000084900000, 0x0000000084900000|
|  50|0x0000000084a00000, 0x0000000084a00000, 0x0000000084b00000|  0%| F|  |TS  0|AC  0|TAMS 0x0000000084a00000, 0x0000000084a00000|
|  51|0x0000000084b00000, 0x0000000084b00000, 0x0000000084c00000|  0%| F|  |TS  0|AC  0|TAMS 0x0000000084b00000, 0x0000000084b00000|
|  52|0x0000000084c00000, 0x0000000084c00000, 0x0000000084d00000|  0%| F|  |TS  0|AC  0|TAMS 0x0000000084c00000, 0x0000000084c00000|
|  53|0x0000000084d00000, 0x0000000084d00000, 0x0000000084e00000|  0%| F|  |TS  0|AC  0|TAMS 0x0000000084d00000, 0x0000000084d00000|
|  54|0x0000000084e00000, 0x0000000084e00000, 0x0000000084f00000|  0%| F|  |TS  0|AC  0|TAMS 0x0000000084e00000, 0x0000000084e00000|
|  55|0x0000000084f00000, 0x0000000084f00000, 0x0000000085000000|  0%| F|  |TS  0|AC  0|TAMS 0x0000000084f00000, 0x0000000084f00000|
|  56|0x0000000085000000, 0x0000000085000000, 0x0000000085100000|  0%| F|  |TS  0|AC  0|TAMS 0x0000000085000000, 0x0000000085000000|
|  57|0x0000000085100000, 0x0000000085100000, 0x0000000085200000|  0%| F|  |TS  0|AC  0|TAMS 0x0000000085100000, 0x0000000085100000|
|  58|0x0000000085200000, 0x0000000085200000, 0x0000000085300000|  0%| F|  |TS  0|AC  0|TAMS 0x0000000085200000, 0x0000000085200000|
|  59|0x0000000085300000, 0x0000000085300000, 0x0000000085400000|  0%| F|  |TS  0|AC  0|TAMS 0x0000000085300000, 0x0000000085300000|
|  60|0x0000000085400000, 0x0000000085400000, 0x0000000085500000|  0%| F|  |TS  0|AC  0|TAMS 0x0000000085400000, 0x0000000085400000|
|  61|0x0000000085500000, 0x0000000085500000, 0x0000000085600000|  0%| F|  |TS  0|AC  0|TAMS 0x0000000085500000, 0x0000000085500000|
|  62|0x0000000085600000, 0x0000000085600000, 0x0000000085700000|  0%| F|  |TS  0|AC  0|TAMS 0x0000000085600000, 0x0000000085600000|
|  63|0x0000000085700000, 0x0000000085700000, 0x0000000085800000|  0%| F|  |TS  0|AC  0|TAMS 0x0000000085700000, 0x0000000085700000|
|  64|0x0000000085800000, 0x0000000085800000, 0x0000000085900000|  0%| F|  |TS  0|AC  0|TAMS 0x0000000085800000, 0x0000000085800000|
|  65|0x0000000085900000, 0x0000000085900000, 0x0000000085a00000|  0%| F|  |TS  0|AC  0|TAMS 0x0000000085900000, 0x0000000085900000|
|  66|0x0000000085a00000, 0x0000000085a00000, 0x0000000085b00000|  0%| F|  |TS  0|AC  0|TAMS 0x0000000085a00000, 0x0000000085a00000|
|  67|0x0000000085b00000, 0x0000000085b00000, 0x0000000085c00000|  0%| F|  |TS  0|AC  0|TAMS 0x0000000085b00000, 0x0000000085b00000|
|  68|0x0000000085c00000, 0x0000000085c00000, 0x0000000085d00000|  0%| F|  |TS  0|AC  0|TAMS 0x0000000085c00000, 0x0000000085c00000|
|  69|0x0000000085d00000, 0x0000000085d00000, 0x0000000085e00000|  0%| F|  |TS  0|AC  0|TAMS 0x0000000085d00000, 0x0000000085d00000|
|  70|0x0000000085e00000, 0x0000000085e00000, 0x0000000085f00000|  0%| F|  |TS  0|AC  0|TAMS 0x0000000085e00000, 0x0000000085e00000|
|  71|0x0000000085f00000, 0x0000000085f00000, 0x0000000086000000|  0%| F|  |TS  0|AC  0|TAMS 0x0000000085f00000, 0x0000000085f00000|
|  72|0x0000000086000000, 0x0000000086000000, 0x0000000086100000|  0%| F|  |TS  0|AC  0|TAMS 0x0000000086000000, 0x0000000086000000|
|  73|0x0000000086100000, 0x0000000086100000, 0x0000000086200000|  0%| F|  |TS  0|AC  0|TAMS 0x0000000086100000, 0x0000000086100000|
|  74|0x0000000086200000, 0x0000000086200000, 0x0000000086300000|  0%| F|  |TS  0|AC  0|TAMS 0x0000000086200000, 0x0000000086200000|
|  75|0x0000000086300000, 0x0000000086300000, 0x0000000086400000|  0%| F|  |TS  0|AC  0|TAMS 0x0000000086300000, 0x0000000086300000|
|  76|0x0000000086400000, 0x0000000086400000, 0x0000000086500000|  0%| F|  |TS  0|AC  0|TAMS 0x0000000086400000, 0x0000000086400000|
|  77|0x0000000086500000, 0x0000000086500000, 0x0000000086600000|  0%| F|  |TS  0|AC  0|TAMS 0x0000000086500000, 0x0000000086500000|
|  78|0x0000000086600000, 0x0000000086600000, 0x0000000086700000|  0%| F|  |TS  0|AC  0|TAMS 0x0000000086600000, 0x0000000086600000|
|  79|0x0000000086700000, 0x0000000086700000, 0x0000000086800000|  0%| F|  |TS  0|AC  0|TAMS 0x0000000086700000, 0x0000000086700000|
|  80|0x0000000086800000, 0x0000000086800000, 0x0000000086900000|  0%| F|  |TS  0|AC  0|TAMS 0x0000000086800000, 0x0000000086800000|
|  81|0x0000000086900000, 0x0000000086900000, 0x0000000086a00000|  0%| F|  |TS  0|AC  0|TAMS 0x0000000086900000, 0x0000000086900000|
|  82|0x0000000086a00000, 0x0000000086a00000, 0x0000000086b00000|  0%| F|  |TS  0|AC  0|TAMS 0x0000000086a00000, 0x0000000086a00000|
|  83|0x0000000086b00000, 0x0000000086b00000, 0x0000000086c00000|  0%| F|  |TS  0|AC  0|TAMS 0x0000000086b00000, 0x0000000086b00000|
|  84|0x0000000086c00000, 0x0000000086c00000, 0x0000000086d00000|  0%| F|  |TS  0|AC  0|TAMS 0x0000000086c00000, 0x0000000086c00000|
|  85|0x0000000086d00000, 0x0000000086d00000, 0x0000000086e00000|  0%| F|  |TS  0|AC  0|TAMS 0x0000000086d00000, 0x0000000086d00000|
|  86|0x0000000086e00000, 0x0000000086e00000, 0x0000000086f00000|  0%| F|  |TS  0|AC  0|TAMS 0x0000000086e00000, 0x0000000086e00000|
|  87|0x0000000086f00000, 0x0000000086f00000, 0x0000000087000000|  0%| F|  |TS  0|AC  0|TAMS 0x0000000086f00000, 0x0000000086f00000|
|  88|0x0000000087000000, 0x0000000087000000, 0x0000000087100000|  0%| F|  |TS  0|AC  0|TAMS 0x0000000087000000, 0x0000000087000000|
|  89|0x0000000087100000, 0x0000000087100000, 0x0000000087200000|  0%| F|  |TS  0|AC  0|TAMS 0x0000000087100000, 0x0000000087100000|
|  90|0x0000000087200000, 0x0000000087200000, 0x0000000087300000|  0%| F|  |TS  0|AC  0|TAMS 0x0000000087200000, 0x0000000087200000|
|  91|0x0000000087300000, 0x0000000087300000, 0x0000000087400000|  0%| F|  |TS  0|AC  0|TAMS 0x0000000087300000, 0x0000000087300000|
|  92|0x0000000087400000, 0x0000000087400000, 0x0000000087500000|  0%| F|  |TS  0|AC  0|TAMS 0x0000000087400000, 0x0000000087400000|
|  93|0x0000000087500000, 0x0000000087500000, 0x0000000087600000|  0%| F|  |TS  0|AC  0|TAMS 0x0000000087500000, 0x0000000087500000|
|  94|0x0000000087600000, 0x0000000087600000, 0x0000000087700000|  0%| F|  |TS  0|AC  0|TAMS 0x0000000087600000, 0x0000000087600000|
|  95|0x0000000087700000, 0x0000000087700000, 0x0000000087800000|  0%| F|  |TS  0|AC  0|TAMS 0x0000000087700000, 0x0000000087700000|
|  96|0x0000000087800000, 0x0000000087800000, 0x0000000087900000|  0%| F|  |TS  0|AC  0|TAMS 0x0000000087800000, 0x0000000087800000|
|  97|0x0000000087900000, 0x0000000087900000, 0x0000000087a00000|  0%| F|  |TS  0|AC  0|TAMS 0x0000000087900000, 0x0000000087900000|
|  98|0x0000000087a00000, 0x0000000087a00000, 0x0000000087b00000|  0%| F|  |TS  0|AC  0|TAMS 0x0000000087a00000, 0x0000000087a00000|
|  99|0x0000000087b00000, 0x0000000087b00000, 0x0000000087c00000|  0%| F|  |TS  0|AC  0|TAMS 0x0000000087b00000, 0x0000000087b00000|
| 100|0x0000000087c00000, 0x0000000087c00000, 0x0000000087d00000|  0%| F|  |TS  0|AC  0|TAMS 0x0000000087c00000, 0x0000000087c00000|
| 101|0x0000000087d00000, 0x0000000087d00000, 0x0000000087e00000|  0%| F|  |TS  0|AC  0|TAMS 0x0000000087d00000, 0x0000000087d00000|
| 102|0x0000000087e00000, 0x0000000087e00000, 0x0000000087f00000|  0%| F|  |TS  0|AC  0|TAMS 0x0000000087e00000, 0x0000000087e00000|
| 103|0x0000000087f00000, 0x0000000087f00000, 0x0000000088000000|  0%| F|  |TS  0|AC  0|TAMS 0x0000000087f00000, 0x0000000087f00000|
| 104|0x0000000088000000, 0x0000000088000000, 0x0000000088100000|  0%| F|  |TS  0|AC  0|TAMS 0x0000000088000000, 0x0000000088000000|
| 105|0x0000000088100000, 0x0000000088100000, 0x0000000088200000|  0%| F|  |TS  0|AC  0|TAMS 0x0000000088100000, 0x0000000088100000|
| 106|0x0000000088200000, 0x0000000088200000, 0x0000000088300000|  0%| F|  |TS  0|AC  0|TAMS 0x0000000088200000, 0x0000000088200000|
| 107|0x0000000088300000, 0x0000000088300000, 0x0000000088400000|  0%| F|  |TS  0|AC  0|TAMS 0x0000000088300000, 0x0000000088300000|
| 108|0x0000000088400000, 0x0000000088400000, 0x0000000088500000|  0%| F|  |TS  0|AC  0|TAMS 0x0000000088400000, 0x0000000088400000|
| 109|0x0000000088500000, 0x0000000088500000, 0x0000000088600000|  0%| F|  |TS  0|AC  0|TAMS 0x0000000088500000, 0x0000000088500000|
| 110|0x0000000088600000, 0x0000000088600000, 0x0000000088700000|  0%| F|  |TS  0|AC  0|TAMS 0x0000000088600000, 0x0000000088600000|
| 111|0x0000000088700000, 0x0000000088700000, 0x0000000088800000|  0%| F|  |TS  0|AC  0|TAMS 0x0000000088700000, 0x0000000088700000|
| 112|0x0000000088800000, 0x0000000088900000, 0x0000000088900000|100%| S|CS|TS  1|AC  0|TAMS 0x0000000088800000, 0x0000000088800000|
| 113|0x0000000088900000, 0x0000000088a00000, 0x0000000088a00000|100%| S|CS|TS  1|AC  0|TAMS 0x0000000088900000, 0x0000000088900000|
| 114|0x0000000088a00000, 0x0000000088a00000, 0x0000000088b00000|  0%| F|  |TS  1|AC  0|TAMS 0x0000000088a00000, 0x0000000088a00000|
| 115|0x0000000088b00000, 0x0000000088b00000, 0x0000000088c00000|  0%| F|  |TS  1|AC  0|TAMS 0x0000000088b00000, 0x0000000088b00000|
| 116|0x0000000088c00000, 0x0000000088c00000, 0x0000000088d00000|  0%| F|  |TS  1|AC  0|TAMS 0x0000000088c00000, 0x0000000088c00000|
| 117|0x0000000088d00000, 0x0000000088d00000, 0x0000000088e00000|  0%| F|  |TS  1|AC  0|TAMS 0x0000000088d00000, 0x0000000088d00000|
| 118|0x0000000088e00000, 0x0000000088e00000, 0x0000000088f00000|  0%| F|  |TS  1|AC  0|TAMS 0x0000000088e00000, 0x0000000088e00000|
| 119|0x0000000088f00000, 0x0000000088f00000, 0x0000000089000000|  0%| F|  |TS  1|AC  0|TAMS 0x0000000088f00000, 0x0000000088f00000|
| 120|0x0000000089000000, 0x0000000089000000, 0x0000000089100000|  0%| F|  |TS  1|AC  0|TAMS 0x0000000089000000, 0x0000000089000000|
| 121|0x0000000089100000, 0x0000000089100000, 0x0000000089200000|  0%| F|  |TS  1|AC  0|TAMS 0x0000000089100000, 0x0000000089100000|
| 122|0x0000000089200000, 0x0000000089300000, 0x0000000089300000|100%| E|  |TS  1|AC  0|TAMS 0x0000000089200000, 0x0000000089200000|
| 123|0x0000000089300000, 0x0000000089400000, 0x0000000089400000|100%| E|CS|TS  1|AC  0|TAMS 0x0000000089300000, 0x0000000089300000|
| 124|0x0000000089400000, 0x0000000089500000, 0x0000000089500000|100%| E|CS|TS  1|AC  0|TAMS 0x0000000089400000, 0x0000000089400000|
| 125|0x0000000089500000, 0x0000000089600000, 0x0000000089600000|100%| E|CS|TS  1|AC  0|TAMS 0x0000000089500000, 0x0000000089500000|
| 126|0x0000000089600000, 0x0000000089700000, 0x0000000089700000|100%| E|CS|TS  1|AC  0|TAMS 0x0000000089600000, 0x0000000089600000|
| 127|0x0000000089700000, 0x0000000089800000, 0x0000000089800000|100%| E|CS|TS  1|AC  0|TAMS 0x0000000089700000, 0x0000000089700000|

Card table byte_map: [0x000000001d170000,0x000000001d570000] byte_map_base: 0x000000001cd64000

Marking Bits (Prev, Next): (CMBitMap*) 0x0000000000405ff0, (CMBitMap*) 0x0000000000406028
 Prev Bits: [0x000000001d970000, 0x000000001f910000)
 Next Bits: [0x000000001f910000, 0x00000000218b0000)

Polling page: 0x00000000000e0000

CodeHeap 'non-profiled nmethods': size=120064Kb used=469Kb max_used=469Kb free=119594Kb
 bounds [0x0000000014120000, 0x0000000014390000, 0x000000001b660000]
CodeHeap 'profiled nmethods': size=120000Kb used=2441Kb max_used=2441Kb free=117558Kb
 bounds [0x000000000cbf0000, 0x000000000ce60000, 0x0000000014120000]
CodeHeap 'non-nmethods': size=5696Kb used=1356Kb max_used=1371Kb free=4339Kb
 bounds [0x000000000c660000, 0x000000000c8d0000, 0x000000000cbf0000]
 total_blobs=2155 nmethods=1283 adapters=505
 compilation: enabled

Compilation events (10 events):
Event: 0.628 Thread 0x0000000024a3a000 1278       3       java.lang.Character::charCount (12 bytes)
Event: 0.628 Thread 0x0000000024a3a000 nmethod 1278 0x000000000ce51110 code [0x000000000ce512c0, 0x000000000ce51450]
Event: 0.628 Thread 0x0000000024a3a000 1279       3       java.util.concurrent.ConcurrentHashMap$BaseIterator::hasNext (13 bytes)
Event: 0.628 Thread 0x0000000024a3a000 nmethod 1279 0x000000000ce51510 code [0x000000000ce516c0, 0x000000000ce51870]
Event: 1.262 Thread 0x0000000024a3a000 1281       3       jdk.internal.misc.Unsafe::weakCompareAndSetInt (11 bytes)
Event: 1.263 Thread 0x0000000024a3a000 nmethod 1281 0x000000000ce51910 code [0x000000000ce51ac0, 0x000000000ce51c30]
Event: 1.518 Thread 0x0000000024a3a000 1282       3       java.util.concurrent.atomic.AtomicBoolean::get (13 bytes)
Event: 1.519 Thread 0x0000000024a3a000 nmethod 1282 0x000000000ce51d10 code [0x000000000ce51ec0, 0x000000000ce52070]
Event: 2.990 Thread 0x0000000024a3a000 1283       3       java.lang.invoke.VarForm::getMemberName (21 bytes)
Event: 2.990 Thread 0x0000000024a3a000 nmethod 1283 0x000000000ce52110 code [0x000000000ce522e0, 0x000000000ce52568]

GC Heap History (2 events):
Event: 0.468 GC heap before
{Heap before GC invocations=0 (full 0):
 garbage-first heap   total 131072K, used 14336K [0x0000000081800000, 0x0000000081900400, 0x0000000100000000)
  region size 1024K, 14 young (14336K), 0 survivors (0K)
 Metaspace       used 13627K, capacity 14382K, committed 14592K, reserved 1062912K
  class space    used 1537K, capacity 1676K, committed 1792K, reserved 1048576K
}
Event: 0.473 GC heap after
{Heap after GC invocations=1 (full 0):
 garbage-first heap   total 131072K, used 4283K [0x0000000081800000, 0x0000000081900400, 0x0000000100000000)
  region size 1024K, 2 young (2048K), 2 survivors (2048K)
 Metaspace       used 13627K, capacity 14382K, committed 14592K, reserved 1062912K
  class space    used 1537K, capacity 1676K, committed 1792K, reserved 1048576K
}

Deoptimization events (10 events):
Event: 0.528 Thread 0x0000000026277800 Uncommon trap: reason=bimorphic_or_optimized_type_check action=maybe_recompile pc=0x0000000014162b5c method=java.util.HashMap.getNode(ILjava/lang/Object;)Ljava/util/HashMap$Node; @ 59 c2
Event: 0.528 Thread 0x0000000026277800 Uncommon trap: reason=class_check action=maybe_recompile pc=0x0000000014181198 method=java.util.HashMap.putVal(ILjava/lang/Object;Ljava/lang/Object;ZZ)Ljava/lang/Object; @ 91 c2
Event: 0.528 Thread 0x0000000026277800 Uncommon trap: reason=class_check action=maybe_recompile pc=0x0000000014181198 method=java.util.HashMap.putVal(ILjava/lang/Object;Ljava/lang/Object;ZZ)Ljava/lang/Object; @ 91 c2
Event: 0.536 Thread 0x0000000026277800 Uncommon trap: reason=unstable_if action=reinterpret pc=0x00000000141654d8 method=java.lang.String.startsWith(Ljava/lang/String;I)Z @ 1 c2
Event: 0.539 Thread 0x0000000026277800 Uncommon trap: reason=intrinsic_or_type_checked_inlining action=make_not_entrant pc=0x0000000014182254 method=java.util.Arrays.copyOf([Ljava/lang/Object;ILjava/lang/Class;)[Ljava/lang/Object; @ 35 c2
Event: 0.548 Thread 0x0000000026277800 Uncommon trap: reason=bimorphic_or_optimized_type_check action=maybe_recompile pc=0x0000000014187d98 method=java.util.HashMap.putVal(ILjava/lang/Object;Ljava/lang/Object;ZZ)Ljava/lang/Object; @ 91 c2
Event: 0.591 Thread 0x0000000026277800 Uncommon trap: reason=unstable_if action=reinterpret pc=0x0000000014184568 method=java.util.HashMap.hash(Ljava/lang/Object;)I @ 1 c2
Event: 0.624 Thread 0x0000000026277800 Uncommon trap: reason=unstable_if action=reinterpret pc=0x000000001418a8ac method=java.util.Arrays.equals([Ljava/lang/Object;[Ljava/lang/Object;)Z @ 23 c2
Event: 0.625 Thread 0x0000000026277800 Uncommon trap: reason=bimorphic_or_optimized_type_check action=maybe_recompile pc=0x0000000014175998 method=java.util.concurrent.ConcurrentHashMap.get(Ljava/lang/Object;)Ljava/lang/Object; @ 149 c2
Event: 0.627 Thread 0x0000000026277800 Uncommon trap: reason=unstable_if action=reinterpret pc=0x0000000014153638 method=java.nio.Buffer.position(I)Ljava/nio/Buffer; @ 45 c2

Classes redefined (0 events):
No events

Internal exceptions (10 events):
Event: 0.341 Thread 0x0000000026277800 Exception <a 'java/lang/NoSuchMethodError'{0x0000000088e4f740}: method resolution failed> (0x0000000088e4f740) thrown at [t:/workspace/hotspot/src/share/vm/prims/methodHandles.cpp, line 1256]
Event: 0.342 Thread 0x0000000026277800 Exception <a 'java/lang/NoSuchMethodError'{0x0000000088e66690}: method resolution failed> (0x0000000088e66690) thrown at [t:/workspace/hotspot/src/share/vm/prims/methodHandles.cpp, line 1256]
Event: 0.343 Thread 0x0000000026277800 Exception <a 'java/lang/NoSuchMethodError'{0x0000000088e7ee20}: method resolution failed> (0x0000000088e7ee20) thrown at [t:/workspace/hotspot/src/share/vm/prims/methodHandles.cpp, line 1256]
Event: 0.394 Thread 0x0000000026277800 Exception <a 'java/lang/NoSuchMethodError'{0x0000000088b06298}: java.lang.invoke.DirectMethodHandle$Holder.invokeStaticInit(Ljava/lang/Object;Ljava/lang/Object;)V> (0x0000000088b06298) thrown at [t:/workspace/hotspot/src/share/vm/interpreter/linkResolver.
Event: 0.484 Thread 0x0000000026277800 Exception <a 'java/lang/NoSuchMethodError'{0x0000000089632d40}: java.lang.invoke.DelegatingMethodHandle$Holder.reinvoke_L(Ljava/lang/Object;Ljava/lang/Object;ILjava/lang/Object;)Ljava/lang/Object;> (0x0000000089632d40) thrown at [t:/workspace/hotspot/src/
Event: 0.516 Thread 0x0000000026277800 Exception <a 'java/lang/NoSuchMethodError'{0x0000000089554ab8}: java.lang.invoke.DirectMethodHandle$Holder.invokeSpecial(Ljava/lang/Object;Ljava/lang/Object;Ljava/lang/Object;Ljava/lang/Object;)V> (0x0000000089554ab8) thrown at [t:/workspace/hotspot/src/s
Event: 0.522 Thread 0x0000000026277800 Exception <a 'java/lang/NoSuchMethodError'{0x00000000895712e8}: java.lang.invoke.DirectMethodHandle$Holder.invokeInterface(Ljava/lang/Object;Ljava/lang/Object;Ljava/lang/Object;)I> (0x00000000895712e8) thrown at [t:/workspace/hotspot/src/share/vm/interpre
Event: 0.524 Thread 0x0000000026277800 Exception <a 'java/lang/NoSuchMethodError'{0x000000008957cdc8}: java.lang.invoke.DirectMethodHandle$Holder.invokeStatic(Ljava/lang/Object;Ljava/lang/Object;)I> (0x000000008957cdc8) thrown at [t:/workspace/hotspot/src/share/vm/interpreter/linkResolver.cpp,
Event: 0.525 Thread 0x0000000026277800 Exception <a 'java/lang/NoSuchMethodError'{0x0000000089589f08}: java.lang.Object.of([Ljava/lang/Object;)Ljava/util/stream/Stream;> (0x0000000089589f08) thrown at [t:/workspace/hotspot/src/share/vm/interpreter/linkResolver.cpp, line 731]
Event: 0.591 Thread 0x0000000026277800 Implicit null exception at 0x0000000014184195 to 0x0000000014184559

Events (10 events):
Event: 0.627 loading class sun/util/PropertyResourceBundleCharset done
Event: 0.627 loading class sun/util/PropertyResourceBundleCharset$PropertiesFileDecoder
Event: 0.627 loading class sun/util/PropertyResourceBundleCharset$PropertiesFileDecoder done
Event: 0.627 loading class java/util/Properties$LineReader
Event: 0.627 loading class java/util/Properties$LineReader done
Event: 0.627 Thread 0x0000000026277800 Uncommon trap: trap_request=0xffffff5d fr.pc=0x0000000014153638 relative=0x0000000000000098
Event: 0.627 Thread 0x0000000026277800 DEOPT PACKING pc=0x0000000014153638 sp=0x00000000271eb560
Event: 0.627 Thread 0x0000000026277800 DEOPT UNPACKING pc=0x000000000c6adf21 sp=0x00000000271eb4e8 mode 2
Event: 0.628 loading class java/util/ResourceBundle$BundleReference
Event: 0.628 loading class java/util/ResourceBundle$BundleReference done


Dynamic libraries:
0x000000013f3f0000 - 0x000000013f42e000 	C:\Program Files\Java\jdk-9.0.4\bin\javaw.exe
0x0000000076f40000 - 0x00000000770ea000 	C:\Windows\SYSTEM32\ntdll.dll
0x0000000076d20000 - 0x0000000076e3f000 	C:\Windows\system32\kernel32.dll
0x000007fefcd10000 - 0x000007fefcd7a000 	C:\Windows\system32\KERNELBASE.dll
0x000007fefdcf0000 - 0x000007fefddcb000 	C:\Windows\system32\ADVAPI32.dll
0x000007feff0b0000 - 0x000007feff14f000 	C:\Windows\system32\msvcrt.dll
0x000007fefd890000 - 0x000007fefd8af000 	C:\Windows\SYSTEM32\sechost.dll
0x000007fefda30000 - 0x000007fefdb5d000 	C:\Windows\system32\RPCRT4.dll
0x0000000076e40000 - 0x0000000076f3a000 	C:\Windows\system32\USER32.dll
0x000007fefd190000 - 0x000007fefd1f7000 	C:\Windows\system32\GDI32.dll
0x000007fefd830000 - 0x000007fefd83e000 	C:\Windows\system32\LPK.dll
0x000007fefd960000 - 0x000007fefda2b000 	C:\Windows\system32\USP10.dll
0x000007fefb820000 - 0x000007fefba14000 	C:\Windows\WinSxS\amd64_microsoft.windows.common-controls_6595b64144ccf1df_6.0.7601.18837_none_fa3b1e3d17594757\COMCTL32.dll
0x000007fefd000000 - 0x000007fefd071000 	C:\Windows\system32\SHLWAPI.dll
0x000007fefbd10000 - 0x000007fefbd1c000 	C:\Windows\system32\VERSION.dll
0x000007fefd930000 - 0x000007fefd95e000 	C:\Windows\system32\IMM32.DLL
0x000007fefd080000 - 0x000007fefd189000 	C:\Windows\system32\MSCTF.dll
0x000007fee7210000 - 0x000007fee72ff000 	C:\Program Files\Java\jdk-9.0.4\bin\msvcr120.dll
0x000007fedc6e0000 - 0x000007fedc786000 	C:\Program Files\Java\jdk-9.0.4\bin\msvcp120.dll
0x000000005b8d0000 - 0x000000005c2f5000 	C:\Program Files\Java\jdk-9.0.4\bin\server\jvm.dll
0x000007fef16c0000 - 0x000007fef16c9000 	C:\Windows\system32\WSOCK32.dll
0x000007fefd840000 - 0x000007fefd88d000 	C:\Windows\system32\WS2_32.dll
0x000007fefcff0000 - 0x000007fefcff8000 	C:\Windows\system32\NSI.dll
0x000007fef1ae0000 - 0x000007fef1b1b000 	C:\Windows\system32\WINMM.dll
0x0000000077110000 - 0x0000000077117000 	C:\Windows\system32\PSAPI.DLL
0x000007fefb660000 - 0x000007fefb66f000 	C:\Program Files\Java\jdk-9.0.4\bin\verify.dll
0x000007feef970000 - 0x000007feef997000 	C:\Program Files\Java\jdk-9.0.4\bin\java.dll
0x000007fefa430000 - 0x000007fefa446000 	C:\Program Files\Java\jdk-9.0.4\bin\zip.dll
0x000007fefa4e0000 - 0x000007fefa4ea000 	C:\Program Files\Java\jdk-9.0.4\bin\jimage.dll
0x000007fefe280000 - 0x000007feff00a000 	C:\Windows\system32\SHELL32.dll
0x000007fefd300000 - 0x000007fefd4fc000 	C:\Windows\system32\ole32.dll
0x000007fefcc30000 - 0x000007fefcc3f000 	C:\Windows\system32\profapi.dll
0x000007feef950000 - 0x000007feef96a000 	C:\Program Files\Java\jdk-9.0.4\bin\net.dll
0x000007fef86f0000 - 0x000007fef8761000 	C:\Windows\system32\WINHTTP.dll
0x000007fef8780000 - 0x000007fef87e5000 	C:\Windows\system32\webio.dll
0x000007fefc4b0000 - 0x000007fefc505000 	C:\Windows\system32\mswsock.dll
0x000007fefc4a0000 - 0x000007fefc4a7000 	C:\Windows\System32\wship6.dll
0x000007feef930000 - 0x000007feef941000 	C:\Program Files\Java\jdk-9.0.4\bin\nio.dll
0x000007fefa260000 - 0x000007fefa263000 	C:\Program Files\Java\jdk-9.0.4\bin\api-ms-win-core-console-l1-1-0.dll
0x000007fefa3b0000 - 0x000007fefa3b3000 	C:\Program Files\Java\jdk-9.0.4\bin\api-ms-win-core-datetime-l1-1-0.dll
0x000007feef920000 - 0x000007feef923000 	C:\Program Files\Java\jdk-9.0.4\bin\api-ms-win-core-debug-l1-1-0.dll
0x000007fee7200000 - 0x000007fee7203000 	C:\Program Files\Java\jdk-9.0.4\bin\api-ms-win-core-errorhandling-l1-1-0.dll
0x000007fee71f0000 - 0x000007fee71f4000 	C:\Program Files\Java\jdk-9.0.4\bin\api-ms-win-core-file-l1-1-0.dll
0x000007fee71e0000 - 0x000007fee71e3000 	C:\Program Files\Java\jdk-9.0.4\bin\api-ms-win-core-file-l1-2-0.dll
0x000007fee71d0000 - 0x000007fee71d3000 	C:\Program Files\Java\jdk-9.0.4\bin\api-ms-win-core-file-l2-1-0.dll
0x000007fee71c0000 - 0x000007fee71c3000 	C:\Program Files\Java\jdk-9.0.4\bin\api-ms-win-core-handle-l1-1-0.dll
0x000007fee71b0000 - 0x000007fee71b3000 	C:\Program Files\Java\jdk-9.0.4\bin\api-ms-win-core-heap-l1-1-0.dll
0x000007fee71a0000 - 0x000007fee71a3000 	C:\Program Files\Java\jdk-9.0.4\bin\api-ms-win-core-interlocked-l1-1-0.dll
0x000007fee7190000 - 0x000007fee7193000 	C:\Program Files\Java\jdk-9.0.4\bin\api-ms-win-core-libraryloader-l1-1-0.dll
0x000007fee7100000 - 0x000007fee7103000 	C:\Program Files\Java\jdk-9.0.4\bin\api-ms-win-core-localization-l1-2-0.dll
0x000007fee52b0000 - 0x000007fee52b3000 	C:\Program Files\Java\jdk-9.0.4\bin\api-ms-win-core-memory-l1-1-0.dll
0x000007fee4910000 - 0x000007fee4913000 	C:\Program Files\Java\jdk-9.0.4\bin\api-ms-win-core-namedpipe-l1-1-0.dll
0x000007fee4900000 - 0x000007fee4903000 	C:\Program Files\Java\jdk-9.0.4\bin\api-ms-win-core-processenvironment-l1-1-0.dll
0x000007fee44b0000 - 0x000007fee44b3000 	C:\Program Files\Java\jdk-9.0.4\bin\api-ms-win-core-processthreads-l1-1-0.dll
0x000007fee24b0000 - 0x000007fee24b3000 	C:\Program Files\Java\jdk-9.0.4\bin\api-ms-win-core-processthreads-l1-1-1.dll
0x000007fee2480000 - 0x000007fee2483000 	C:\Program Files\Java\jdk-9.0.4\bin\api-ms-win-core-profile-l1-1-0.dll
0x000007fee23a0000 - 0x000007fee23a3000 	C:\Program Files\Java\jdk-9.0.4\bin\api-ms-win-core-rtlsupport-l1-1-0.dll
0x000007fee2390000 - 0x000007fee2393000 	C:\Program Files\Java\jdk-9.0.4\bin\api-ms-win-core-string-l1-1-0.dll
0x000007fee2380000 - 0x000007fee2383000 	C:\Program Files\Java\jdk-9.0.4\bin\api-ms-win-core-synch-l1-1-0.dll
0x000007fee10d0000 - 0x000007fee10d3000 	C:\Program Files\Java\jdk-9.0.4\bin\api-ms-win-core-synch-l1-2-0.dll
0x000007fee10c0000 - 0x000007fee10c3000 	C:\Program Files\Java\jdk-9.0.4\bin\api-ms-win-core-sysinfo-l1-1-0.dll
0x000007fee10b0000 - 0x000007fee10b3000 	C:\Program Files\Java\jdk-9.0.4\bin\api-ms-win-core-timezone-l1-1-0.dll
0x000007fee10a0000 - 0x000007fee10a3000 	C:\Program Files\Java\jdk-9.0.4\bin\api-ms-win-core-util-l1-1-0.dll
0x000007fee1090000 - 0x000007fee1093000 	C:\Program Files\Java\jdk-9.0.4\bin\api-ms-win-crt-conio-l1-1-0.dll
0x000007fee1080000 - 0x000007fee1084000 	C:\Program Files\Java\jdk-9.0.4\bin\api-ms-win-crt-convert-l1-1-0.dll
0x000007fee1070000 - 0x000007fee1073000 	C:\Program Files\Java\jdk-9.0.4\bin\api-ms-win-crt-environment-l1-1-0.dll
0x000007fee1060000 - 0x000007fee1063000 	C:\Program Files\Java\jdk-9.0.4\bin\api-ms-win-crt-filesystem-l1-1-0.dll
0x000007fee0ee0000 - 0x000007fee0ee3000 	C:\Program Files\Java\jdk-9.0.4\bin\api-ms-win-crt-heap-l1-1-0.dll
0x000007fedf1d0000 - 0x000007fedf1d3000 	C:\Program Files\Java\jdk-9.0.4\bin\api-ms-win-crt-locale-l1-1-0.dll
0x000007fedf1c0000 - 0x000007fedf1c5000 	C:\Program Files\Java\jdk-9.0.4\bin\api-ms-win-crt-math-l1-1-0.dll
0x000007fedf1b0000 - 0x000007fedf1b5000 	C:\Program Files\Java\jdk-9.0.4\bin\api-ms-win-crt-multibyte-l1-1-0.dll
0x000007fedf180000 - 0x000007fedf190000 	C:\Program Files\Java\jdk-9.0.4\bin\api-ms-win-crt-private-l1-1-0.dll
0x000007fedf170000 - 0x000007fedf173000 	C:\Program Files\Java\jdk-9.0.4\bin\api-ms-win-crt-process-l1-1-0.dll
0x000007fedf160000 - 0x000007fedf164000 	C:\Program Files\Java\jdk-9.0.4\bin\api-ms-win-crt-runtime-l1-1-0.dll
0x000007fedf150000 - 0x000007fedf154000 	C:\Program Files\Java\jdk-9.0.4\bin\api-ms-win-crt-stdio-l1-1-0.dll
0x000007fedf140000 - 0x000007fedf144000 	C:\Program Files\Java\jdk-9.0.4\bin\api-ms-win-crt-string-l1-1-0.dll
0x000007fedf040000 - 0x000007fedf043000 	C:\Program Files\Java\jdk-9.0.4\bin\api-ms-win-crt-time-l1-1-0.dll
0x000007fedf030000 - 0x000007fedf033000 	C:\Program Files\Java\jdk-9.0.4\bin\api-ms-win-crt-utility-l1-1-0.dll
0x000007fedc470000 - 0x000007fedc566000 	C:\Program Files\Java\jdk-9.0.4\bin\ucrtbase.dll
0x000007fedf010000 - 0x000007fedf026000 	C:\Program Files\Java\jdk-9.0.4\bin\vcruntime140.dll
0x000007fedc640000 - 0x000007fedc6dc000 	C:\Program Files\Java\jdk-9.0.4\bin\msvcp140.dll
0x000007fedeba0000 - 0x000007fedebf1000 	C:\Program Files\Java\jdk-9.0.4\bin\concrt140.dll
0x000007fedeb70000 - 0x000007fedeb93000 	C:\Program Files\Java\jdk-9.0.4\bin\prism_d3d.dll
0x000007fee24f0000 - 0x000007fee26ef000 	C:\Windows\system32\d3d9.dll
0x000007feef5a0000 - 0x000007feef5a7000 	C:\Windows\system32\d3d8thk.dll
0x000007fefaa50000 - 0x000007fefaa68000 	C:\Windows\system32\dwmapi.dll
0x000007fefb220000 - 0x000007fefb276000 	C:\Windows\system32\uxtheme.dll
0x000007fecd220000 - 0x000007fece9d9000 	C:\Windows\system32\igdumdim64.dll
0x000007fedce50000 - 0x000007fedce9a000 	C:\Program Files\Java\jdk-9.0.4\bin\glass.dll
0x000007feff1b0000 - 0x000007feff247000 	C:\Windows\system32\COMDLG32.dll
0x000007fefd200000 - 0x000007fefd2da000 	C:\Windows\system32\OLEAUT32.dll
0x000007fefca90000 - 0x000007fefca9f000 	C:\Windows\system32\CRYPTBASE.dll
0x000007feebce0000 - 0x000007feec6c5000 	C:\Windows\system32\igdusc64.dll
0x000007fedeee0000 - 0x000007fedeef4000 	C:\Program Files\Java\jdk-9.0.4\bin\javafx_font.dll
0x000007feda040000 - 0x000007feda1d9000 	C:\Program Files\Java\jdk-9.0.4\bin\awt.dll
0x000007fecce50000 - 0x000007fecd214000 	C:\Windows\system32\d2d1.dll
0x000007fedc3d0000 - 0x000007fedc46d000 	C:\Program Files\Java\jdk-9.0.4\bin\fontmanager.dll
0x000007fee4b30000 - 0x000007fee4cc7000 	C:\Windows\system32\dwrite.dll
0x000007feff010000 - 0x000007feff0a9000 	C:\Windows\system32\CLBCatQ.DLL
0x000007fefa730000 - 0x000007fefa891000 	C:\Windows\system32\WindowsCodecs.dll
0x000007fefca30000 - 0x000007fefca87000 	C:\Windows\system32\apphelp.dll
0x000007feedb80000 - 0x000007feede90000 	C:\Program Files (x86)\Microsoft Office\root\VFS\ProgramFilesX64\Microsoft Office\Office16\GROOVEEX.DLL
0x000007fef8800000 - 0x000007fef8b1e000 	C:\Windows\system32\msi.dll
0x000007fee9b20000 - 0x000007feea3b3000 	C:\Program Files (x86)\Microsoft Office\root\VFS\ProgramFilesX64\Microsoft Office\Office16\1036\GrooveIntlResource.dll
0x000007fee97b0000 - 0x000007fee9b1f000 	C:\Program Files (x86)\Dell Backup and Recovery\Components\Shell\DBROverlayIconBackuped.dll
0x000007fee7aa0000 - 0x000007fee7e0f000 	C:\Program Files (x86)\Dell Backup and Recovery\Components\Shell\DBROverlayIconNotBackuped.dll
0x000007fefa560000 - 0x000007fefa685000 	C:\Windows\system32\dbghelp.dll

VM Arguments:
jvm_args: -Dfile.encoding=Cp1252 
java_command: presentation.userInterface.viewsHandler.loginViewHandler
java_class_path (initial): C:\Users\Sale quenouille\Desktop\TBGames\bin;C:\Users\Sale quenouille\Desktop\TBGames\lib\postgresql-42.2.1.jar;C:\Users\Sale quenouille\.p2\pool\plugins\org.eclipse.fx.ide.css.jfx8_3.0.0.201705220750.jar
Launcher Type: SUN_STANDARD

Logging:
Log output configuration:
#0: stdout all=warning uptime,level,tags
#1: stderr all=off uptime,level,tags

Environment Variables:
PATH=C:/Program Files/Java/jre1.8.0_77/bin/server;C:/Program Files/Java/jre1.8.0_77/bin;C:/Program Files/Java/jre1.8.0_77/lib/amd64;C:\ProgramData\Oracle\Java\javapath;C:\Program Files (x86)\Intel\iCLS Client\;C:\Program Files\Intel\iCLS Client\;C:\Windows\system32;C:\Windows;C:\Windows\System32\Wbem;C:\Windows\System32\WindowsPowerShell\v1.0\;C:\Program Files (x86)\Intel\Intel(R) Management Engine Components\DAL;C:\Program Files\Intel\Intel(R) Management Engine Components\DAL;C:\Program Files (x86)\Intel\Intel(R) Management Engine Components\IPT;C:\Program Files\Intel\Intel(R) Management Engine Components\IPT;C:\Program Files (x86)\Windows Kits\8.1\Windows Performance Toolkit\;C:\cygwin64\bin;C:\Program Files\Git\cmd;C:\Program Files\PuTTY\;C:\Program Files\nodejs\;;C:\Program Files\Microsoft VS Code\bin;C:\Users\Sale quenouille\AppData\Roaming\npm;C:\Windows\system32;
USERNAME=Sale quenouille
OS=Windows_NT
PROCESSOR_IDENTIFIER=Intel64 Family 6 Model 60 Stepping 3, GenuineIntel



---------------  S Y S T E M  ---------------

OS: Windows 7 , 64 bit Build 7601 (6.1.7601.23915)

CPU:total 4 (initial active 4) (4 cores per cpu, 1 threads per core) family 6 model 60 stepping 3, cmov, cx8, fxsr, mmx, sse, sse2, sse3, ssse3, sse4.1, sse4.2, popcnt, avx, avx2, aes, clmul, erms, lzcnt, tsc, tscinvbit, bmi1, bmi2, fma

Memory: 4k page, physical 8286340k(1773008k free), swap 16570820k(8950236k free)

vm_info: Java HotSpot(TM) 64-Bit Server VM (9.0.4+11) for windows-amd64 JRE (9.0.4+11), built on Dec 20 2017 02:18:54 by "mach5one" with MS VC++ 12.0 (VS2013)

END.
